<?xml version="1.0" encoding="UTF-8"?>
<robot generator="Robot 3.2.1 (Python 3.10.4 on win32)" generated="20220525 08:51:50.944" rpa="false">
<suite id="s1" name="TestAutomationRobot" source="C:\Users\Aman\eclipse-workspace\TestAutomationRobot">
<suite id="s1-s1" name="Testcases" source="C:\Users\Aman\eclipse-workspace\TestAutomationRobot\testcases">
<suite id="s1-s1-s1" name="TestcaseFirst" source="C:\Users\Aman\eclipse-workspace\TestAutomationRobot\testcases\TestcaseFirst.robot">
<test id="s1-s1-s1-t1" name="MyFirstTest">
<kw name="Log" library="BuiltIn">
<doc>Logs the given message with the given level.</doc>
<arguments>
<arg>Hello World!</arg>
</arguments>
<msg timestamp="20220525 08:51:51.833" level="INFO">Hello World!</msg>
<status status="PASS" starttime="20220525 08:51:51.833" endtime="20220525 08:51:51.834"></status>
</kw>
<kw name="Log To Console" library="BuiltIn">
<doc>Logs the given message to the console.</doc>
<arguments>
<arg>Hiiii!!</arg>
</arguments>
<status status="PASS" starttime="20220525 08:51:51.834" endtime="20220525 08:51:51.834"></status>
</kw>
<status status="PASS" starttime="20220525 08:51:51.833" endtime="20220525 08:51:51.834" critical="yes"></status>
</test>
<test id="s1-s1-s1-t2" name="FirstSeleniumTestCase">
<kw name="Open Browser" library="SeleniumLibrary">
<doc>Opens a new browser instance to the optional ``url``.</doc>
<arguments>
<arg>${url}</arg>
<arg>${browser}</arg>
</arguments>
<msg timestamp="20220525 08:51:51.835" level="INFO">Opening browser 'chrome' to base url 'https://www.google.com/'.</msg>
<status status="PASS" starttime="20220525 08:51:51.835" endtime="20220525 08:51:56.077"></status>
</kw>
<kw name="GoogleSearch">
<kw name="Set Browser Implicit Wait" library="SeleniumLibrary">
<doc>Sets the implicit wait value used by Selenium.</doc>
<arguments>
<arg>5sec</arg>
</arguments>
<status status="PASS" starttime="20220525 08:51:56.079" endtime="20220525 08:51:56.081"></status>
</kw>
<kw name="Input Text" library="SeleniumLibrary">
<doc>Types the given ``text`` into the text field identified by ``locator``.</doc>
<arguments>
<arg>name=q</arg>
<arg>Automation Step By Step</arg>
</arguments>
<msg timestamp="20220525 08:51:56.082" level="INFO">Typing text 'Automation Step By Step' into text field 'name=q'.</msg>
<status status="PASS" starttime="20220525 08:51:56.082" endtime="20220525 08:51:56.243"></status>
</kw>
<kw name="Click Button" library="SeleniumLibrary">
<doc>Clicks the button identified by ``locator``.</doc>
<arguments>
<arg>name=btnK</arg>
</arguments>
<msg timestamp="20220525 08:51:56.244" level="INFO">Clicking button 'name=btnK'.</msg>
<status status="PASS" starttime="20220525 08:51:56.244" endtime="20220525 08:51:57.842"></status>
</kw>
<kw name="Sleep" library="BuiltIn">
<doc>Pauses the test executed for the given time.</doc>
<arguments>
<arg>2</arg>
</arguments>
<msg timestamp="20220525 08:51:59.845" level="INFO">Slept 2 seconds</msg>
<status status="PASS" starttime="20220525 08:51:57.843" endtime="20220525 08:51:59.846"></status>
</kw>
<status status="PASS" starttime="20220525 08:51:56.078" endtime="20220525 08:51:59.846"></status>
</kw>
<kw name="Close Browser" library="SeleniumLibrary">
<doc>Closes the current browser.</doc>
<status status="PASS" starttime="20220525 08:51:59.847" endtime="20220525 08:52:02.381"></status>
</kw>
<kw name="Log" library="BuiltIn">
<doc>Logs the given message with the given level.</doc>
<arguments>
<arg>Test Completed</arg>
</arguments>
<msg timestamp="20220525 08:52:02.383" level="INFO">Test Completed</msg>
<status status="PASS" starttime="20220525 08:52:02.381" endtime="20220525 08:52:02.383"></status>
</kw>
<status status="PASS" starttime="20220525 08:51:51.834" endtime="20220525 08:52:02.384" critical="yes"></status>
</test>
<status status="PASS" starttime="20220525 08:51:51.124" endtime="20220525 08:52:02.386"></status>
</suite>
<status status="PASS" starttime="20220525 08:51:51.121" endtime="20220525 08:52:02.391"></status>
</suite>
<status status="PASS" starttime="20220525 08:51:51.098" endtime="20220525 08:52:02.394"></status>
</suite>
<statistics>
<total>
<stat pass="2" fail="0">Critical Tests</stat>
<stat pass="2" fail="0">All Tests</stat>
</total>
<tag>
</tag>
<suite>
<stat pass="2" fail="0" id="s1" name="TestAutomationRobot">TestAutomationRobot</stat>
<stat pass="2" fail="0" id="s1-s1" name="Testcases">TestAutomationRobot.Testcases</stat>
<stat pass="2" fail="0" id="s1-s1-s1" name="TestcaseFirst">TestAutomationRobot.Testcases.TestcaseFirst</stat>
</suite>
</statistics>
<errors>
</errors>
</robot>
